<?xml version="1.0" encoding="UTF-8"?>
<!-- Generated by org.testng.reporters.JUnitXMLReporter -->
<testsuite ignored="1" hostname="DESKTOP" failures="0" tests="1" name="Default test" time="31.21" errors="0" timestamp="2023-03-13T13:00:45 IST">
  <testcase classname="com.vtiger.qa.testcases.VerifyAccount" name="tcAllDeleteAccount" time="18.04"/>
  <testcase classname="com.vtiger.qa.testcases.VerifyAccount" name="tcCheckAccount" time="0.0">
    <ignored/>
  </testcase> <!-- tcCheckAccount -->
</testsuite> <!-- Default test -->
