<?xml version="1.0" encoding="UTF-8"?>
<testng-results ignored="0" total="4" passed="4" failed="0" skipped="0">
  <reporter-output>
  </reporter-output>
  <suite started-at="2023-03-13T13:16:47 IST" name="Suite" finished-at="2023-03-13T13:17:53 IST" duration-ms="66623">
    <groups>
    </groups>
    <test started-at="2023-03-13T13:16:47 IST" name="Test" finished-at="2023-03-13T13:17:53 IST" duration-ms="66623">
      <class name="com.vtiger.qa.testcases.VerifyLead">
        <test-method is-config="true" signature="setUp()[pri:0, instance:com.vtiger.qa.testcases.VerifyLead@41a0aa7d]" started-at="2023-03-13T13:17:39 IST" name="setUp" finished-at="2023-03-13T13:17:44 IST" duration-ms="5197" status="PASS">
          <reporter-output>
          </reporter-output>
        </test-method> <!-- setUp -->
        <test-method is-config="true" signature="lead()[pri:0, instance:com.vtiger.qa.testcases.VerifyLead@41a0aa7d]" started-at="2023-03-13T13:17:44 IST" name="lead" finished-at="2023-03-13T13:17:44 IST" duration-ms="1" status="PASS">
          <reporter-output>
          </reporter-output>
        </test-method> <!-- lead -->
        <test-method signature="tcCheckLead()[pri:0, instance:com.vtiger.qa.testcases.VerifyLead@41a0aa7d]" started-at="2023-03-13T13:17:44 IST" name="tcCheckLead" finished-at="2023-03-13T13:17:52 IST" depends-on-methods="tcValidateLoginPage()" duration-ms="8596" status="PASS">
          <reporter-output>
          </reporter-output>
        </test-method> <!-- tcCheckLead -->
        <test-method is-config="true" signature="tearDown()[pri:0, instance:com.vtiger.qa.testcases.VerifyLead@41a0aa7d]" started-at="2023-03-13T13:17:52 IST" name="tearDown" finished-at="2023-03-13T13:17:53 IST" duration-ms="1104" status="PASS">
          <reporter-output>
          </reporter-output>
        </test-method> <!-- tearDown -->
      </class> <!-- com.vtiger.qa.testcases.VerifyLead -->
      <class name="com.vtiger.qa.testcases.VerifyAccount">
        <test-method is-config="true" signature="setUp()[pri:0, instance:com.vtiger.qa.testcases.VerifyAccount@4d154ccd]" started-at="2023-03-13T13:17:03 IST" name="setUp" finished-at="2023-03-13T13:17:10 IST" duration-ms="6290" status="PASS">
          <reporter-output>
          </reporter-output>
        </test-method> <!-- setUp -->
        <test-method is-config="true" signature="create()[pri:0, instance:com.vtiger.qa.testcases.VerifyAccount@4d154ccd]" started-at="2023-03-13T13:17:10 IST" name="create" finished-at="2023-03-13T13:17:10 IST" duration-ms="1" status="PASS">
          <reporter-output>
          </reporter-output>
        </test-method> <!-- create -->
        <test-method is-config="true" signature="delete()[pri:0, instance:com.vtiger.qa.testcases.VerifyAccount@4d154ccd]" started-at="2023-03-13T13:17:10 IST" name="delete" finished-at="2023-03-13T13:17:10 IST" duration-ms="1" status="PASS">
          <reporter-output>
          </reporter-output>
        </test-method> <!-- delete -->
        <test-method signature="tcCheckAccount()[pri:0, instance:com.vtiger.qa.testcases.VerifyAccount@4d154ccd]" started-at="2023-03-13T13:17:10 IST" name="tcCheckAccount" finished-at="2023-03-13T13:17:27 IST" depends-on-methods="tcValidateLoginPage()" duration-ms="17448" status="PASS">
          <reporter-output>
          </reporter-output>
        </test-method> <!-- tcCheckAccount -->
        <test-method is-config="true" signature="create()[pri:0, instance:com.vtiger.qa.testcases.VerifyAccount@4d154ccd]" started-at="2023-03-13T13:17:27 IST" name="create" finished-at="2023-03-13T13:17:27 IST" duration-ms="7" status="PASS">
          <reporter-output>
          </reporter-output>
        </test-method> <!-- create -->
        <test-method is-config="true" signature="delete()[pri:0, instance:com.vtiger.qa.testcases.VerifyAccount@4d154ccd]" started-at="2023-03-13T13:17:27 IST" name="delete" finished-at="2023-03-13T13:17:27 IST" duration-ms="2" status="PASS">
          <reporter-output>
          </reporter-output>
        </test-method> <!-- delete -->
        <test-method signature="tcAllDeleteAccount()[pri:1, instance:com.vtiger.qa.testcases.VerifyAccount@4d154ccd]" started-at="2023-03-13T13:17:27 IST" name="tcAllDeleteAccount" finished-at="2023-03-13T13:17:38 IST" duration-ms="10615" status="PASS">
          <reporter-output>
          </reporter-output>
        </test-method> <!-- tcAllDeleteAccount -->
        <test-method is-config="true" signature="tearDown()[pri:0, instance:com.vtiger.qa.testcases.VerifyAccount@4d154ccd]" started-at="2023-03-13T13:17:38 IST" name="tearDown" finished-at="2023-03-13T13:17:39 IST" duration-ms="880" status="PASS">
          <reporter-output>
          </reporter-output>
        </test-method> <!-- tearDown -->
      </class> <!-- com.vtiger.qa.testcases.VerifyAccount -->
      <class name="com.vtiger.qa.testcases.VerifyLoginPage">
        <test-method is-config="true" signature="setUp()[pri:0, instance:com.vtiger.qa.testcases.VerifyLoginPage@6221a451]" started-at="2023-03-13T13:16:47 IST" name="setUp" finished-at="2023-03-13T13:16:58 IST" duration-ms="10923" status="PASS">
          <reporter-output>
          </reporter-output>
        </test-method> <!-- setUp -->
        <test-method is-config="true" signature="login()[pri:0, instance:com.vtiger.qa.testcases.VerifyLoginPage@6221a451]" started-at="2023-03-13T13:16:58 IST" name="login" finished-at="2023-03-13T13:16:58 IST" duration-ms="0" status="PASS">
          <reporter-output>
          </reporter-output>
        </test-method> <!-- login -->
        <test-method signature="tcValidateLoginPage()[pri:0, instance:com.vtiger.qa.testcases.VerifyLoginPage@6221a451]" started-at="2023-03-13T13:16:58 IST" name="tcValidateLoginPage" finished-at="2023-03-13T13:17:02 IST" duration-ms="4256" status="PASS">
          <reporter-output>
          </reporter-output>
        </test-method> <!-- tcValidateLoginPage -->
        <test-method is-config="true" signature="tearDown()[pri:0, instance:com.vtiger.qa.testcases.VerifyLoginPage@6221a451]" started-at="2023-03-13T13:17:02 IST" name="tearDown" finished-at="2023-03-13T13:17:03 IST" duration-ms="1097" status="PASS">
          <reporter-output>
          </reporter-output>
        </test-method> <!-- tearDown -->
      </class> <!-- com.vtiger.qa.testcases.VerifyLoginPage -->
    </test> <!-- Test -->
  </suite> <!-- Suite -->
</testng-results>
