<?xml version="1.0" encoding="UTF-8"?>
<testng-results ignored="0" total="4" passed="4" failed="0" skipped="0">
  <reporter-output>
  </reporter-output>
  <suite started-at="2023-03-25T13:41:23 IST" name="Suite" finished-at="2023-03-25T13:42:43 IST" duration-ms="79900">
    <groups>
    </groups>
    <test started-at="2023-03-25T13:41:23 IST" name="Test" finished-at="2023-03-25T13:42:43 IST" duration-ms="79900">
      <class name="com.vtiger.qa.testcases.VerifyLead">
        <test-method is-config="true" signature="setUp()[pri:0, instance:com.vtiger.qa.testcases.VerifyLead@2805d709]" started-at="2023-03-25T13:42:30 IST" name="setUp" finished-at="2023-03-25T13:42:34 IST" duration-ms="3623" status="PASS">
          <reporter-output>
          </reporter-output>
        </test-method> <!-- setUp -->
        <test-method is-config="true" signature="lead()[pri:0, instance:com.vtiger.qa.testcases.VerifyLead@2805d709]" started-at="2023-03-25T13:42:34 IST" name="lead" finished-at="2023-03-25T13:42:34 IST" duration-ms="1" status="PASS">
          <reporter-output>
          </reporter-output>
        </test-method> <!-- lead -->
        <test-method signature="tcCheckLead()[pri:0, instance:com.vtiger.qa.testcases.VerifyLead@2805d709]" started-at="2023-03-25T13:42:34 IST" name="tcCheckLead" finished-at="2023-03-25T13:42:43 IST" duration-ms="8896" status="PASS">
          <reporter-output>
          </reporter-output>
        </test-method> <!-- tcCheckLead -->
        <test-method is-config="true" signature="tearDown()[pri:0, instance:com.vtiger.qa.testcases.VerifyLead@2805d709]" started-at="2023-03-25T13:42:43 IST" name="tearDown" finished-at="2023-03-25T13:42:43 IST" duration-ms="450" status="PASS">
          <reporter-output>
          </reporter-output>
        </test-method> <!-- tearDown -->
      </class> <!-- com.vtiger.qa.testcases.VerifyLead -->
      <class name="com.vtiger.qa.testcases.VerifyAccount">
        <test-method is-config="true" signature="setUp()[pri:0, instance:com.vtiger.qa.testcases.VerifyAccount@54bff557]" started-at="2023-03-25T13:41:48 IST" name="setUp" finished-at="2023-03-25T13:41:53 IST" duration-ms="5530" status="PASS">
          <reporter-output>
          </reporter-output>
        </test-method> <!-- setUp -->
        <test-method is-config="true" signature="create()[pri:0, instance:com.vtiger.qa.testcases.VerifyAccount@54bff557]" started-at="2023-03-25T13:41:53 IST" name="create" finished-at="2023-03-25T13:41:53 IST" duration-ms="2" status="PASS">
          <reporter-output>
          </reporter-output>
        </test-method> <!-- create -->
        <test-method is-config="true" signature="delete()[pri:0, instance:com.vtiger.qa.testcases.VerifyAccount@54bff557]" started-at="2023-03-25T13:41:53 IST" name="delete" finished-at="2023-03-25T13:41:53 IST" duration-ms="1" status="PASS">
          <reporter-output>
          </reporter-output>
        </test-method> <!-- delete -->
        <test-method signature="tcCheckAccount()[pri:0, instance:com.vtiger.qa.testcases.VerifyAccount@54bff557]" started-at="2023-03-25T13:41:53 IST" name="tcCheckAccount" finished-at="2023-03-25T13:42:21 IST" duration-ms="27237" status="PASS">
          <reporter-output>
          </reporter-output>
        </test-method> <!-- tcCheckAccount -->
        <test-method is-config="true" signature="create()[pri:0, instance:com.vtiger.qa.testcases.VerifyAccount@54bff557]" started-at="2023-03-25T13:42:21 IST" name="create" finished-at="2023-03-25T13:42:21 IST" duration-ms="1" status="PASS">
          <reporter-output>
          </reporter-output>
        </test-method> <!-- create -->
        <test-method is-config="true" signature="delete()[pri:0, instance:com.vtiger.qa.testcases.VerifyAccount@54bff557]" started-at="2023-03-25T13:42:21 IST" name="delete" finished-at="2023-03-25T13:42:21 IST" duration-ms="3" status="PASS">
          <reporter-output>
          </reporter-output>
        </test-method> <!-- delete -->
        <test-method signature="tcAllDeleteAccount()[pri:1, instance:com.vtiger.qa.testcases.VerifyAccount@54bff557]" started-at="2023-03-25T13:42:21 IST" name="tcAllDeleteAccount" finished-at="2023-03-25T13:42:30 IST" duration-ms="9181" status="PASS">
          <reporter-output>
          </reporter-output>
        </test-method> <!-- tcAllDeleteAccount -->
        <test-method is-config="true" signature="tearDown()[pri:0, instance:com.vtiger.qa.testcases.VerifyAccount@54bff557]" started-at="2023-03-25T13:42:30 IST" name="tearDown" finished-at="2023-03-25T13:42:30 IST" duration-ms="570" status="PASS">
          <reporter-output>
          </reporter-output>
        </test-method> <!-- tearDown -->
      </class> <!-- com.vtiger.qa.testcases.VerifyAccount -->
      <class name="com.vtiger.qa.testcases.VerifyLoginPage">
        <test-method is-config="true" signature="setUp()[pri:0, instance:com.vtiger.qa.testcases.VerifyLoginPage@6392827e]" started-at="2023-03-25T13:41:24 IST" name="setUp" finished-at="2023-03-25T13:41:36 IST" duration-ms="12049" status="PASS">
          <reporter-output>
          </reporter-output>
        </test-method> <!-- setUp -->
        <test-method is-config="true" signature="login()[pri:0, instance:com.vtiger.qa.testcases.VerifyLoginPage@6392827e]" started-at="2023-03-25T13:41:36 IST" name="login" finished-at="2023-03-25T13:41:36 IST" duration-ms="1" status="PASS">
          <reporter-output>
          </reporter-output>
        </test-method> <!-- login -->
        <test-method signature="tcValidateLoginPage()[pri:0, instance:com.vtiger.qa.testcases.VerifyLoginPage@6392827e]" started-at="2023-03-25T13:41:36 IST" name="tcValidateLoginPage" finished-at="2023-03-25T13:41:47 IST" duration-ms="11086" status="PASS">
          <reporter-output>
          </reporter-output>
        </test-method> <!-- tcValidateLoginPage -->
        <test-method is-config="true" signature="tearDown()[pri:0, instance:com.vtiger.qa.testcases.VerifyLoginPage@6392827e]" started-at="2023-03-25T13:41:47 IST" name="tearDown" finished-at="2023-03-25T13:41:48 IST" duration-ms="1132" status="PASS">
          <reporter-output>
          </reporter-output>
        </test-method> <!-- tearDown -->
      </class> <!-- com.vtiger.qa.testcases.VerifyLoginPage -->
    </test> <!-- Test -->
  </suite> <!-- Suite -->
</testng-results>
