<?xml version="1.0" encoding="UTF-8"?>
<!-- Generated by org.testng.reporters.JUnitXMLReporter -->
<testsuite ignored="0" hostname="DESKTOP" failures="0" tests="4" name="Test" time="79.9" errors="0" timestamp="2023-03-25T13:42:44 IST">
  <testcase classname="com.vtiger.qa.testcases.VerifyLoginPage" name="tcValidateLoginPage" time="11.086"/>
  <testcase classname="com.vtiger.qa.testcases.VerifyAccount" name="tcCheckAccount" time="27.237"/>
  <testcase classname="com.vtiger.qa.testcases.VerifyAccount" name="tcAllDeleteAccount" time="9.181"/>
  <testcase classname="com.vtiger.qa.testcases.VerifyLead" name="tcCheckLead" time="8.896"/>
</testsuite> <!-- Test -->
