<?xml version="1.0" encoding="UTF-8"?>
<!-- Generated by org.testng.reporters.JUnitXMLReporter -->
<testsuite ignored="0" hostname="DESKTOP" failures="0" tests="4" name="Test" time="66.623" errors="0" timestamp="2023-03-13T13:17:54 IST">
  <testcase classname="com.vtiger.qa.testcases.VerifyLoginPage" name="tcValidateLoginPage" time="4.256"/>
  <testcase classname="com.vtiger.qa.testcases.VerifyAccount" name="tcCheckAccount" time="17.448"/>
  <testcase classname="com.vtiger.qa.testcases.VerifyAccount" name="tcAllDeleteAccount" time="10.615"/>
  <testcase classname="com.vtiger.qa.testcases.VerifyLead" name="tcCheckLead" time="8.596"/>
</testsuite> <!-- Test -->
